2018-11-06 23:27:07,350 1      [           main] DEBUG ache.ibatis.logging.LogFactory  - Logging initialized using 'class org.apache.ibatis.logging.log4j.Log4jImpl' adapter.
2018-11-06 23:27:07,726 377    [           main] DEBUG source.pooled.PooledDataSource  - PooledDataSource forcefully closed/removed all connections.
2018-11-06 23:27:07,726 377    [           main] DEBUG source.pooled.PooledDataSource  - PooledDataSource forcefully closed/removed all connections.
2018-11-06 23:27:07,727 378    [           main] DEBUG source.pooled.PooledDataSource  - PooledDataSource forcefully closed/removed all connections.
2018-11-06 23:27:07,727 378    [           main] DEBUG source.pooled.PooledDataSource  - PooledDataSource forcefully closed/removed all connections.
2018-11-06 23:27:07,970 621    [           main] DEBUG ansaction.jdbc.JdbcTransaction  - Opening JDBC Connection
2018-11-06 23:28:47,791 0      [           main] DEBUG ache.ibatis.logging.LogFactory  - Logging initialized using 'class org.apache.ibatis.logging.log4j.Log4jImpl' adapter.
2018-11-06 23:28:48,041 250    [           main] DEBUG source.pooled.PooledDataSource  - PooledDataSource forcefully closed/removed all connections.
2018-11-06 23:28:48,042 251    [           main] DEBUG source.pooled.PooledDataSource  - PooledDataSource forcefully closed/removed all connections.
2018-11-06 23:28:48,042 251    [           main] DEBUG source.pooled.PooledDataSource  - PooledDataSource forcefully closed/removed all connections.
2018-11-06 23:28:48,042 251    [           main] DEBUG source.pooled.PooledDataSource  - PooledDataSource forcefully closed/removed all connections.
2018-11-06 23:28:48,211 420    [           main] DEBUG ansaction.jdbc.JdbcTransaction  - Opening JDBC Connection
2018-11-06 23:30:41,127 0      [           main] DEBUG ache.ibatis.logging.LogFactory  - Logging initialized using 'class org.apache.ibatis.logging.log4j.Log4jImpl' adapter.
2018-11-06 23:30:41,355 228    [           main] DEBUG source.pooled.PooledDataSource  - PooledDataSource forcefully closed/removed all connections.
2018-11-06 23:30:41,355 228    [           main] DEBUG source.pooled.PooledDataSource  - PooledDataSource forcefully closed/removed all connections.
2018-11-06 23:30:41,355 228    [           main] DEBUG source.pooled.PooledDataSource  - PooledDataSource forcefully closed/removed all connections.
2018-11-06 23:30:41,355 228    [           main] DEBUG source.pooled.PooledDataSource  - PooledDataSource forcefully closed/removed all connections.
2018-11-06 23:30:41,538 411    [           main] DEBUG ansaction.jdbc.JdbcTransaction  - Opening JDBC Connection
2018-11-06 23:30:42,135 1008   [           main] DEBUG source.pooled.PooledDataSource  - Created connection 422250493.
2018-11-06 23:30:42,136 1009   [           main] DEBUG ansaction.jdbc.JdbcTransaction  - Setting autocommit to false on JDBC Connection [com.mysql.jdbc.JDBC4Connection@192b07fd]
2018-11-06 23:30:42,141 1014   [           main] DEBUG m.itheima.dao.IUserDao.findAll  - ==>  Preparing: select * from user; 
2018-11-06 23:30:42,189 1062   [           main] DEBUG m.itheima.dao.IUserDao.findAll  - ==> Parameters: 
2018-11-06 23:30:42,264 1137   [           main] DEBUG m.itheima.dao.IUserDao.findAll  - <==      Total: 6
2018-11-06 23:30:42,280 1153   [           main] DEBUG ansaction.jdbc.JdbcTransaction  - Resetting autocommit to true on JDBC Connection [com.mysql.jdbc.JDBC4Connection@192b07fd]
2018-11-06 23:30:42,282 1155   [           main] DEBUG ansaction.jdbc.JdbcTransaction  - Closing JDBC Connection [com.mysql.jdbc.JDBC4Connection@192b07fd]
2018-11-06 23:30:42,283 1156   [           main] DEBUG source.pooled.PooledDataSource  - Returned connection 422250493 to pool.
